<?xml version="1.0" encoding="UTF-8"?>
<testng-results skipped="0" failed="0" ignored="0" total="1" passed="1">
  <reporter-output>
  </reporter-output>
  <suite name="Default suite" duration-ms="24658" started-at="2017-08-01T21:55:00Z" finished-at="2017-08-01T21:55:25Z">
    <groups>
    </groups>
    <test name="Default test" duration-ms="24658" started-at="2017-08-01T21:55:00Z" finished-at="2017-08-01T21:55:25Z">
      <class name="DATA1.UsingExcel_SingleDataSet">
        <test-method status="PASS" signature="setUp()[pri:0, instance:DATA1.UsingExcel_SingleDataSet@4f933fd1]" name="setUp" is-config="true" duration-ms="16989" started-at="2017-08-01T17:55:00Z" finished-at="2017-08-01T17:55:17Z">
          <reporter-output>
          </reporter-output>
        </test-method> <!-- setUp -->
        <test-method status="PASS" signature="testPostTOExcel_Table()[pri:0, instance:DATA1.UsingExcel_SingleDataSet@4f933fd1]" name="testPostTOExcel_Table" duration-ms="7144" started-at="2017-08-01T17:55:17Z" finished-at="2017-08-01T17:55:24Z">
          <reporter-output>
          </reporter-output>
        </test-method> <!-- testPostTOExcel_Table -->
        <test-method status="PASS" signature="afterClass()[pri:0, instance:DATA1.UsingExcel_SingleDataSet@4f933fd1]" name="afterClass" is-config="true" duration-ms="511" started-at="2017-08-01T17:55:24Z" finished-at="2017-08-01T17:55:25Z">
          <reporter-output>
          </reporter-output>
        </test-method> <!-- afterClass -->
      </class> <!-- DATA1.UsingExcel_SingleDataSet -->
    </test> <!-- Default test -->
  </suite> <!-- Default suite -->
</testng-results>
